*************Postorder Tree Walk For AVL Tree*************
Postorder Tree Walk of Node 0
----------------------------------------------------------------------
54 2000
3729 14894
3603 24351
5022 28746
4032 12053
3903 154
5538 21539
6423 24947
6225 11009
5448 21727
9162 18637
14310 7617
13932 26309
9375 11021
14946 8910
16119 2083
18936 17452
17808 2422
15891 6730
14772 11539
8724 9742
20601 5250
22191 1843
21549 6484
24222 18589
25548 27645
24627 11324
22356 24768
26778 15574
27351 1151
26925 19073
25668 26300
27507 13031
28254 6869
31674 22387
31323 30334
28704 23812
27447 23806
19719 19896
  
----------------------------------------------------------------------
Postorder Tree Walk of Node 1
----------------------------------------------------------------------
289 30107
901 32592
3094 14344
4597 24022
3196 20486
1870 19913
5845 32610
5098 16513
6901 3789
14311 6618
13978 2307
6271 5830
4834 31116
16414 29169
15142 7712
16945 32440
16942 21725
15007 31102
17674 4665
18763 1656
19669 24485
19630 12624
18757 11841
22705 9931
23656 15575
22930 16542
20038 12860
24649 22484
24394 3549
27349 23200
26419 27939
27754 10384
32392 14605
31108 30192
27625 20538
24085 19955
17422 18717
  
----------------------------------------------------------------------
Postorder Tree Walk of Node 2
----------------------------------------------------------------------
293 12383
8282 4735
4967 7377
4640 29659
10292 30837
12317 3036
14990 32703
16520 31557
15458 12288
13967 3431
9041 8943
17411 6360
18128 468
18008 11338
22799 30304
22814 9515
19265 22649
24371 15351
27596 4042
32663 32758
32210 9759
27530 779
23987 13291
17036 9895
  
----------------------------------------------------------------------
