*************Sorted Tree Walk For B Tree*************
Inorder Tree Walk of Node 0
----------------------------------------------------------------------
54 2000
3603 24351
3729 14894
3903 154
4032 12053
5022 28746
5448 21727
5538 21539
6225 11009
6423 24947
8724 9742
9162 18637
9375 11021
13932 26309
14310 7617
14772 11539
14946 8910
15891 6730
16119 2083
17808 2422
18936 17452
19719 19896
20601 5250
21549 6484
22191 1843
22356 24768
24222 18589
24627 11324
25548 27645
25668 26300
26778 15574
26925 19073
27351 1151
27447 23806
27507 13031
28254 6869
28704 23812
31323 30334
31674 22387
   
----------------------------------------------------------------------
Inorder Tree Walk of Node 1
----------------------------------------------------------------------
289 30107
901 32592
1870 19913
3094 14344
3196 20486
4597 24022
4834 31116
5098 16513
5845 32610
6271 5830
6901 3789
13978 2307
14311 6618
15007 31102
15142 7712
16414 29169
16942 21725
16945 32440
17422 18717
17674 4665
18757 11841
18763 1656
19630 12624
19669 24485
20038 12860
22705 9931
22930 16542
23656 15575
24085 19955
24394 3549
24649 22484
26419 27939
27349 23200
27625 20538
27754 10384
31108 30192
32392 14605
   
----------------------------------------------------------------------
Inorder Tree Walk of Node 2
----------------------------------------------------------------------
293 12383
4640 29659
4967 7377
8282 4735
9041 8943
10292 30837
12317 3036
13967 3431
14990 32703
15458 12288
16520 31557
17036 9895
17411 6360
18008 11338
18128 468
19265 22649
22799 30304
22814 9515
23987 13291
24371 15351
27530 779
27596 4042
32210 9759
32663 32758
   
----------------------------------------------------------------------
