Key 40 is already present.Keys are required to be distinct.
------------------------------------------------------------
Key 1 is already present.Keys are required to be distinct.
------------------------------------------------------------
*************Level Tree Walk For B Tree*************
Level Order Tree Walk of Node 0
----------------------------------------------------------------------
5 10
15 30
3 6
8 16
17 34
30 60
1 2
4 8
6 12
9 18
16 32
20 40
40 80
   
----------------------------------------------------------------------
