Key 40 is already present.Keys are required to be distinct.
------------------------------------------------------------
Key 1 is already present.Keys are required to be distinct.
------------------------------------------------------------
*************Postorder Tree Walk For AVL Tree*************
Postorder Tree Walk of Node 0
----------------------------------------------------------------------
1 2
4 8
6 12
5 10
3 6
9 18
16 32
15 30
20 40
40 80
30 60
17 34
8 16
  
----------------------------------------------------------------------
