*************Postorder Tree Walk For AVL Tree*************
Postorder Tree Walk of Node 0
----------------------------------------------------------------------
171 29976
480 25303
543 17538
504 21222
249 7492
708 22956
906 9465
900 22526
609 32061
1182 4288
1356 21016
1332 7268
1551 24354
1776 24643
1671 32529
1365 14903
1848 7470
2238 8024
2364 9011
2304 12761
1833 20946
912 11636
2610 11065
2670 3135
2664 20723
2703 8708
2700 18111
2679 24677
3222 17871
3336 12760
3435 16550
3252 27217
2742 4955
3657 3344
3585 29735
3990 9321
4170 2155
3960 6494
3558 28477
2601 2511
4320 959
4581 14876
4668 7286
4473 7129
4770 30471
4941 20852
4758 32171
5178 13878
5304 22641
5205 29487
5946 26807
5787 12264
5652 2259
5076 10713
6078 20216
6273 25792
6366 32076
6150 3334
6474 28275
6480 6322
6609 9253
6603 30808
6411 31462
6735 9562
6924 3832
7173 2530
6996 1053
7356 13290
7392 10203
7263 22234
6705 31819
6039 24180
4314 24356
7515 10169
7587 1387
7722 3566
7959 6192
7950 12844
7680 23991
8361 22414
8457 9406
8406 8827
8388 13445
8484 5539
8547 20475
8487 3456
8739 15280
8760 11193
8715 26947
8481 29214
8178 17774
9153 18374
9459 25968
9816 26950
9516 17965
9258 22751
10068 22849
10269 4694
10179 13580
9906 17959
10467 12045
10557 7532
10491 10104
11073 23401
10698 17613
11244 29930
11193 1455
11076 21546
11421 15815
11409 5546
11532 29963
11478 1201
11463 27612
11259 336
10323 18652
8763 9568
11601 26970
11760 26435
11673 23440
11808 24568
11892 1024
11970 28979
11838 21893
11778 31349
12075 13723
12393 32686
12159 12023
12504 10862
12678 407
12612 19020
12456 25735
12738 18029
12891 31164
12936 19780
12999 3546
12942 15791
12897 13023
12735 1638
12054 16963
13038 3926
13263 20136
13491 7605
13338 10005
13233 4748
13713 5132
13866 22215
13827 31277
13695 2696
14016 5566
14244 7350
14424 3528
14019 18788
14487 19200
14607 26174
14475 2626
13986 3103
13032 8493
11586 24042
7449 25201
14802 24962
15006 21048
15186 7039
14868 24866
15678 22669
15792 15470
15723 23839
15948 27125
16098 3066
16086 20711
15870 682
15630 28651
16203 2635
16344 755
16338 2624
16956 23184
17169 28316
17064 10682
17781 22579
17283 27008
16635 26304
16140 12424
17955 12079
17865 22914
18414 11401
18036 32227
18504 15371
18444 28297
19491 8926
18876 28434
18663 13830
18435 5842
17862 14689
19878 11383
19791 6583
19977 31330
19965 1341
20079 21725
20073 12819
20184 23590
20160 11834
20025 26155
20316 9577
20490 27339
20595 29131
20451 11174
20667 4142
20664 12260
20616 10905
20223 7130
20808 20279
20973 22831
20826 9677
21084 23640
21189 19570
21114 14888
21324 6541
21294 29997
21222 1759
21081 21319
20676 793
19590 20799
21579 26980
21660 26293
21618 4016
21963 21081
22410 26464
22362 31755
21882 31999
22533 2964
23073 3592
22926 10911
22620 23972
23187 14508
23259 19048
23244 27650
23166 15432
22467 4679
23343 8076
23718 9715
23589 12482
23553 4183
23832 20041
24177 18480
24156 31362
24126 24119
23730 24082
23319 32727
24327 3277
24273 20056
24513 9249
24597 3738
24489 16283
24774 19098
24963 18966
24780 5007
25185 24779
25059 27578
25044 743
24723 29705
25386 20074
25314 6699
25698 4920
25485 1019
25392 15496
25206 4976
24183 10286
21426 10556
25761 18897
26019 27369
25929 12098
25875 24373
26364 5717
26064 32757
26631 24115
26820 7976
26817 24231
26706 13875
26535 5557
26022 24456
27033 14388
27081 16081
27153 25088
27066 2514
28023 2169
28119 24391
28083 1955
28071 7488
27594 22726
26910 14903
28383 14120
28290 15945
28584 26949
28665 9971
28653 8195
28521 6903
29034 2089
29088 27682
29127 19411
29142 30815
29106 24792
29427 15872
29511 4746
29448 15666
29892 27201
29955 20889
29874 17125
29175 20602
28713 17547
28287 16106
29994 15827
30081 10117
30039 21389
30213 29289
30189 21764
30339 21642
30696 13170
30423 27667
30228 12044
30972 9278
30975 14271
31203 10509
31245 21795
31227 28163
31197 21949
30834 19712
31317 20672
31491 3240
31419 19898
31914 14965
31602 24228
31494 7741
31935 15206
32196 22567
31983 7329
31929 25424
32469 13999
32373 30033
32589 24711
32679 1753
32526 1265
32271 1764
31287 13065
29973 13062
25722 17190
14799 15282
  
----------------------------------------------------------------------
Postorder Tree Walk of Node 1
----------------------------------------------------------------------
22 17923
160 3450
319 3581
301 14414
190 16101
496 16742
475 6973
1072 11334
913 10809
331 31924
1147 18393
1516 25270
1339 145
1561 15835
1627 9358
1621 21498
1696 6140
1909 17224
1837 10798
1651 5663
1540 304
1132 18231
2029 29615
2221 5403
2353 9659
2482 1013
2599 3310
2590 25991
2224 22143
2743 8611
2626 1544
3265 3498
2944 12638
2866 18541
2608 2484
1927 9011
3352 8330
3433 2137
3397 16698
3586 2258
3562 28490
4423 16896
4450 16926
4099 27831
3448 5022
4624 22226
4681 9199
4873 8107
4945 14956
4861 29254
4537 20784
5056 11192
5110 7883
5566 3806
5590 12723
5455 16304
5908 21185
5974 8923
5998 17550
5995 8257
5602 23393
5050 4682
3298 20417
6136 18009
6235 12509
6478 5109
6250 14641
6742 30433
6706 20627
7153 30272
6817 7517
6814 2863
6655 16973
7279 20800
7834 8361
7606 25265
8056 3394
8185 7076
8248 26891
8167 18701
7927 9488
7201 5072
8395 30181
8617 5751
8527 13358
8839 14845
8929 29493
8881 23336
8671 242
9100 25024
9169 17907
9157 5603
9502 17483
9763 5968
9574 15590
9262 12579
8977 18456
8314 4475
10003 15569
9982 2113
10294 3856
10354 21417
10081 5341
10441 7376
10423 30775
10381 27009
10636 1644
10723 24272
10738 14092
10648 29459
10987 2145
11125 12318
11002 19106
10939 1882
10549 15882
11377 1775
11368 17693
11875 7721
12190 15788
12106 29622
12043 31311
11644 7535
12280 18284
12394 7637
12655 3823
12550 17470
12421 20711
12250 26668
12724 17983
12751 14008
12934 23780
13162 31173
12994 27385
12925 9073
13429 5913
13453 14009
13402 9790
12718 18697
11248 13585
9877 23827
6073 29351
13477 4382
13579 11160
13714 20969
13654 30675
13609 6173
14200 20856
14182 31004
13972 26265
14365 1382
14296 32169
14698 32210
15076 24516
14869 21412
15118 16216
15085 19096
14461 22429
14257 149
15616 20529
15265 11904
15892 24638
15988 7043
16291 22975
16075 13510
15994 14791
15760 2671
16447 31578
16627 3685
16591 8824
16672 8806
16684 13717
16642 19856
17227 31204
17833 7906
17914 16143
17842 14626
17041 31532
16399 23147
15256 16424
18115 11702
18319 9136
18589 7812
18331 3040
18241 12165
18787 15499
18847 4988
19282 7086
18883 25250
18820 944
18679 1770
19414 5001
19612 18991
19558 28963
19813 30649
19738 16337
19678 15970
19315 18652
19855 9991
19867 12950
19933 25453
20170 2328
19924 3360
20290 8420
20356 31002
20419 26490
20416 17903
20329 22647
20260 19009
19816 22889
18088 31061
20503 25142
20494 8218
20581 19797
20557 23217
20668 30837
20653 18865
20914 7592
20719 3504
20650 13187
21079 16879
21133 24473
21460 17826
21154 21521
21004 26870
21631 23225
22195 23700
22291 31340
21964 28136
22432 29083
22702 12194
22594 23852
22297 29856
23155 24605
23074 789
23488 27197
23755 6512
23557 12291
23446 18611
22759 7165
21625 28020
23956 4979
23848 32605
24400 8979
24409 4416
24034 32030
24430 32405
24556 7816
24829 12582
24685 12780
24475 28634
24424 24130
24949 1283
25270 7480
25129 2112
25543 7620
25609 30569
25771 703
25711 20062
25606 30196
25348 2089
24856 13143
23845 1417
26032 26269
26254 20084
26059 6440
26053 237
26518 14630
26944 24835
27172 18167
26836 25681
26440 17254
27466 20268
27595 7951
27727 28667
27532 4807
27919 10867
28246 9468
28183 11059
28075 26432
28459 2662
28615 18599
28465 21120
28351 14334
27757 28322
27433 17506
28681 19927
28762 11057
29152 23016
29272 17946
28792 13393
29302 22364
29332 2377
29353 11370
29542 26130
29446 18806
29338 23272
29293 14601
29734 28224
29860 24999
29791 14925
29917 5875
30049 21052
30004 21946
29902 17104
30115 16440
30592 26804
30715 28165
30694 9092
30301 19696
30094 16566
30901 17714
31057 27607
31021 23695
31312 17605
31186 20054
31069 21992
31921 27373
31948 2446
32719 12245
32608 14197
32197 7784
31648 3182
30772 6412
29557 25562
28618 23758
25825 29335
20473 23623
13459 6619
  
----------------------------------------------------------------------
Postorder Tree Walk of Node 2
----------------------------------------------------------------------
29 21544
74 20194
143 17223
59 14701
659 230
611 1018
194 23196
1010 22013
1571 8637
1529 26680
1013 21137
1595 21488
1724 21364
1886 21975
1841 31498
1589 11343
1994 10177
2096 24366
2012 32638
2162 5536
2126 26577
1925 11024
749 27068
2600 20137
3170 21896
2786 18530
2669 17193
3389 18916
3488 29578
3524 31759
3518 17007
3341 13488
3653 8754
3677 29644
4043 31358
3965 21782
4100 30528
4085 10076
3830 23776
3626 26478
2369 28693
4187 19691
4361 17828
4325 6487
4214 27110
4676 12939
4751 17234
4694 4687
4415 9315
5603 31908
5726 4072
5765 875
5687 6022
6539 31352
6065 29310
5939 19038
5003 10586
6749 5652
6653 23937
7214 9861
7373 8564
7232 2188
6767 1736
7451 12320
7463 26634
7586 16217
7493 6194
7442 9513
6560 8933
7769 29023
7865 29422
8117 5031
7901 19188
8366 13008
8552 9488
8639 27664
8381 29816
8261 6203
8720 26791
8753 15822
8897 16368
8780 30911
9221 31112
9254 6923
9233 751
9167 16894
8684 8214
9497 18585
9524 19852
9536 7209
9509 7186
9647 22277
9782 26505
9659 11294
9917 15679
9854 25630
9833 30933
9602 28324
9314 876
7628 4803
4145 23197
10397 15461
10688 8347
10754 22105
10574 31562
11198 23693
11225 15749
10988 10762
11522 476
11663 14722
12080 28769
12077 9059
11648 17433
12269 9319
12434 23841
12362 16743
12674 10041
12551 141
12182 28504
11423 21099
12932 32545
13094 16585
13064 21548
13190 10543
13235 12571
13211 13550
13163 8936
13331 26049
13598 14219
13526 30222
13490 24751
13262 10196
14141 4612
13883 541
14162 30525
14894 3054
14933 28113
14198 22107
14147 691
13649 2972
12836 32357
15023 31813
15200 11786
15146 19354
15530 14789
15263 8520
16037 14737
16346 4381
16361 6039
16280 25997
15566 3094
16829 7728
16949 2207
16859 24051
17096 7297
17207 26579
17297 26282
17111 25899
17087 29566
16688 12530
17651 13291
17714 19794
17660 32499
18137 11456
18116 1680
17969 27359
18239 26424
18284 26223
18272 15814
18353 20449
18338 1279
18191 29658
17399 22280
14963 124
18635 25473
18662 8682
18644 17466
18824 14486
18704 11028
19136 2506
19091 19498
18959 17579
19358 2325
19397 16226
19406 6541
19370 3879
19448 24209
19490 19436
19427 28511
19157 11512
19772 20364
19802 22851
19883 1609
20477 30042
20327 29012
19886 338
19811 11600
20900 11785
21431 25621
21029 29265
21563 22886
21578 9790
21695 22659
21635 10894
21458 14370
20609 29293
19559 23647
18539 12293
10022 5700
21788 28533
21980 24200
21902 8794
22019 14777
22016 26842
22502 8851
22337 18398
22172 27490
22664 5707
22742 20176
22817 31691
22913 8147
22868 26154
22796 16061
22550 17438
23189 20179
23246 25509
23651 28150
23570 18301
23942 32746
23978 18133
24029 29201
23993 25825
23870 29362
23153 2801
24308 23482
24485 24775
24809 13560
24902 28443
24971 6288
24938 28870
24521 10941
25334 894
25163 1656
25412 21026
25346 14709
25679 6451
25760 30190
25706 6963
25628 5630
25904 27006
25829 13852
26114 10009
26303 17372
26261 27190
25952 6542
25784 21287
25073 20427
24230 4566
26429 28028
26489 28686
26738 24475
26654 27937
26444 21314
26810 4085
26858 20641
27416 6086
27089 31427
26822 26123
26741 22045
27968 10209
27983 482
28253 25012
28010 27158
27893 24390
28316 4576
28298 7519
28397 7573
28523 4883
28487 21197
28802 14724
29153 1055
28889 8154
28571 29764
28319 27871
28256 4461
29222 28471
29384 10134
29516 27622
29315 9504
29813 19376
29618 10113
29561 15148
30110 17985
29957 28690
30503 29618
30239 24238
30146 18061
30557 30975
31064 7230
30878 20425
30839 20483
30524 1588
29870 20143
31241 27814
31496 8045
31592 19950
31541 18806
31451 1616
31763 28424
31811 17642
31784 23851
32120 20578
32180 16596
31982 2331
31628 6468
32426 26868
32258 24767
32612 1942
32684 18991
32708 24246
32672 1458
32585 7241
32183 23857
31112 28705
29171 236
26363 4887
21719 3754
  
----------------------------------------------------------------------
