*************Level Tree Walk For B Tree*************
Level Order Tree Walk of Node 0
----------------------------------------------------------------------
14799 15282
7449 25201
11478 1201
24183 10286
1833 20946
3558 28477
9258 22751
13032 8493
20223 7130
22533 2964
28023 2169
30189 21764
912 11636
2679 24677
5076 10713
6411 31462
8481 29214
10323 18652
12054 16963
13986 3103
16140 12424
18036 32227
20826 9677
21426 10556
23343 8076
25722 17190
26631 24115
28713 17547
29511 4746
31245 21795
609 32061
1365 14903
2601 2511
3222 17871
4314 24356
6039 24180
6705 31819
8178 17774
8715 26947
9906 17959
11193 1455
11760 26435
12456 25735
12735 1638
13695 2696
14424 3528
15630 28651
15870 682
16635 26304
17283 27008
19590 20799
20025 26155
20664 12260
21114 14888
21882 31999
23166 15432
23832 20041
24723 29705
25206 4976
26019 27369
27066 2514
28521 6903
29142 30815
29973 13062
30423 27667
30975 14271
31929 25424
32271 1764
249 7492
504 21222
900 22526
1332 7268
1671 32529
2304 12761
2664 20723
2703 8708
3336 12760
3960 6494
4473 7129
4758 32171
5205 29487
5787 12264
6150 3334
6603 30808
6996 1053
7263 22234
7587 1387
7950 12844
8388 13445
8487 3456
8763 9568
9516 17965
10179 13580
10491 10104
10698 17613
11259 336
11421 15815
11601 26970
11838 21893
12159 12023
12612 19020
12897 13023
12942 15791
13233 4748
13338 10005
13827 31277
14019 18788
14487 19200
14868 24866
15723 23839
16086 20711
16338 2624
17064 10682
17862 14689
18444 28297
18663 13830
19965 1341
20160 11834
20451 11174
20595 29131
20676 793
21081 21319
21222 1759
21618 4016
22410 26464
22926 10911
23244 27650
23589 12482
24156 31362
24489 16283
24780 5007
25059 27578
25392 15496
25875 24373
26064 32757
26817 24231
26910 14903
27153 25088
28083 1955
28287 16106
28653 8195
29088 27682
29427 15872
29892 27201
30039 21389
30228 12044
30834 19712
31203 10509
31317 20672
31494 7741
31983 7329
32526 1265
171 29976
480 25303
543 17538
708 22956
906 9465
1182 4288
1356 21016
1551 24354
1776 24643
1848 7470
2238 8024
2364 9011
2610 11065
2670 3135
2700 18111
2742 4955
3252 27217
3435 16550
3585 29735
3657 3344
3990 9321
4170 2155
4320 959
4581 14876
4668 7286
4770 30471
4941 20852
5178 13878
5304 22641
5652 2259
5946 26807
6078 20216
6273 25792
6366 32076
6474 28275
6480 6322
6609 9253
6735 9562
6924 3832
7173 2530
7356 13290
7392 10203
7515 10169
7680 23991
7722 3566
7959 6192
8361 22414
8406 8827
8457 9406
8484 5539
8547 20475
8739 15280
8760 11193
9153 18374
9459 25968
9816 26950
10068 22849
10269 4694
10467 12045
10557 7532
11073 23401
11076 21546
11244 29930
11409 5546
11463 27612
11532 29963
11586 24042
11673 23440
11778 31349
11808 24568
11892 1024
11970 28979
12075 13723
12393 32686
12504 10862
12678 407
12738 18029
12891 31164
12936 19780
12999 3546
13038 3926
13263 20136
13491 7605
13713 5132
13866 22215
14016 5566
14244 7350
14475 2626
14607 26174
14802 24962
15006 21048
15186 7039
15678 22669
15792 15470
15948 27125
16098 3066
16203 2635
16344 755
16956 23184
17169 28316
17781 22579
17865 22914
17955 12079
18414 11401
18435 5842
18504 15371
18876 28434
19491 8926
19791 6583
19878 11383
19977 31330
20073 12819
20079 21725
20184 23590
20316 9577
20490 27339
20616 10905
20667 4142
20808 20279
20973 22831
21084 23640
21189 19570
21294 29997
21324 6541
21579 26980
21660 26293
21963 21081
22362 31755
22467 4679
22620 23972
23073 3592
23187 14508
23259 19048
23319 32727
23553 4183
23718 9715
23730 24082
24126 24119
24177 18480
24273 20056
24327 3277
24513 9249
24597 3738
24774 19098
24963 18966
25044 743
25185 24779
25314 6699
25386 20074
25485 1019
25698 4920
25761 18897
25929 12098
26022 24456
26364 5717
26535 5557
26706 13875
26820 7976
27033 14388
27081 16081
27594 22726
28071 7488
28119 24391
28290 15945
28383 14120
28584 26949
28665 9971
29034 2089
29106 24792
29127 19411
29175 20602
29448 15666
29874 17125
29955 20889
29994 15827
30081 10117
30213 29289
30339 21642
30696 13170
30972 9278
31197 21949
31227 28163
31287 13065
31419 19898
31491 3240
31602 24228
31914 14965
31935 15206
32196 22567
32373 30033
32469 13999
32589 24711
32679 1753
   
----------------------------------------------------------------------
Level Order Tree Walk of Node 1
----------------------------------------------------------------------
13459 6619
8314 4475
20473 23623
26440 17254
3298 20417
11248 13585
18088 31061
23845 1417
28618 23758
29902 17104
1132 18231
1927 9011
5050 4682
6073 29351
9877 23827
12724 17983
15256 16424
16642 19856
19558 28963
21004 26870
22594 23852
24856 13143
27757 28322
29338 23272
31069 21992
331 31924
1621 21498
2608 2484
3448 5022
4537 20784
5602 23393
6655 16973
7606 25265
8881 23336
9169 17907
10549 15882
10939 1882
12250 26668
12994 27385
14257 149
14869 21412
16399 23147
17227 31204
18787 15499
19924 3360
20329 22647
20653 18865
21625 28020
23446 18611
24424 24130
25348 2089
25825 29335
27433 17506
28351 14334
29152 23016
29557 25562
30301 19696
30772 6412
31921 27373
190 16101
913 10809
1339 145
1540 304
1651 5663
1837 10798
2224 22143
2590 25991
2866 18541
3397 16698
4099 27831
4861 29254
5455 16304
5995 8257
6250 14641
6814 2863
7201 5072
7927 9488
8167 18701
8527 13358
8671 242
8977 18456
9574 15590
10081 5341
10381 27009
10648 29459
11002 19106
11644 7535
12043 31311
12394 7637
12550 17470
12925 9073
13402 9790
13609 6173
13972 26265
14461 22429
15085 19096
15760 2671
15994 14791
16591 8824
16684 13717
17842 14626
18241 12165
18331 3040
18847 4988
19282 7086
19738 16337
19816 22889
20260 19009
20416 17903
20503 25142
20581 19797
20719 3504
21154 21521
21964 28136
22297 29856
22759 7165
23557 12291
24034 32030
24475 28634
24685 12780
25129 2112
25606 30196
25711 20062
26053 237
26836 25681
27532 4807
28075 26432
28465 21120
28762 11057
29293 14601
29446 18806
29791 14925
30004 21946
30094 16566
30694 9092
31021 23695
31312 17605
32197 7784
22 17923
160 3450
301 14414
319 3581
475 6973
496 16742
1072 11334
1147 18393
1516 25270
1561 15835
1627 9358
1696 6140
1909 17224
2029 29615
2221 5403
2353 9659
2482 1013
2599 3310
2626 1544
2743 8611
2944 12638
3265 3498
3352 8330
3433 2137
3562 28490
3586 2258
4423 16896
4450 16926
4624 22226
4681 9199
4873 8107
4945 14956
5056 11192
5110 7883
5566 3806
5590 12723
5908 21185
5974 8923
5998 17550
6136 18009
6235 12509
6478 5109
6706 20627
6742 30433
6817 7517
7153 30272
7279 20800
7834 8361
8056 3394
8185 7076
8248 26891
8395 30181
8617 5751
8839 14845
8929 29493
9100 25024
9157 5603
9262 12579
9502 17483
9763 5968
9982 2113
10003 15569
10294 3856
10354 21417
10423 30775
10441 7376
10636 1644
10723 24272
10738 14092
10987 2145
11125 12318
11368 17693
11377 1775
11875 7721
12106 29622
12190 15788
12280 18284
12421 20711
12655 3823
12718 18697
12751 14008
12934 23780
13162 31173
13429 5913
13453 14009
13477 4382
13579 11160
13654 30675
13714 20969
14182 31004
14200 20856
14296 32169
14365 1382
14698 32210
15076 24516
15118 16216
15265 11904
15616 20529
15892 24638
15988 7043
16075 13510
16291 22975
16447 31578
16627 3685
16672 8806
17041 31532
17833 7906
17914 16143
18115 11702
18319 9136
18589 7812
18679 1770
18820 944
18883 25250
19315 18652
19414 5001
19612 18991
19678 15970
19813 30649
19855 9991
19867 12950
19933 25453
20170 2328
20290 8420
20356 31002
20419 26490
20494 8218
20557 23217
20650 13187
20668 30837
20914 7592
21079 16879
21133 24473
21460 17826
21631 23225
22195 23700
22291 31340
22432 29083
22702 12194
23074 789
23155 24605
23488 27197
23755 6512
23848 32605
23956 4979
24400 8979
24409 4416
24430 32405
24556 7816
24829 12582
24949 1283
25270 7480
25543 7620
25609 30569
25771 703
26032 26269
26059 6440
26254 20084
26518 14630
26944 24835
27172 18167
27466 20268
27595 7951
27727 28667
27919 10867
28183 11059
28246 9468
28459 2662
28615 18599
28681 19927
28792 13393
29272 17946
29302 22364
29332 2377
29353 11370
29542 26130
29734 28224
29860 24999
29917 5875
30049 21052
30115 16440
30592 26804
30715 28165
30901 17714
31057 27607
31186 20054
31648 3182
31948 2446
32608 14197
32719 12245
   
----------------------------------------------------------------------
Level Order Tree Walk of Node 2
----------------------------------------------------------------------
18539 12293
10022 5700
26363 4887
4145 23197
7628 4803
14963 124
21719 3754
23993 25825
29315 9504
1925 11024
3341 13488
5939 19038
8684 8214
9314 876
12836 32357
16688 12530
17399 22280
19559 23647
22796 16061
24971 6288
27893 24390
31112 28705
32180 16596
194 23196
1529 26680
2369 28693
3626 26478
4415 9315
5003 10586
6653 23937
7373 8564
8261 6203
9167 16894
9602 28324
11423 21099
12182 28504
13262 10196
13649 2972
15263 8520
17087 29566
18191 29658
18704 11028
19157 11512
20327 29012
21458 14370
22337 18398
23153 2801
24485 24775
25628 5630
25784 21287
26741 22045
28319 27871
28571 29764
29813 19376
30146 18061
31628 6468
32612 1942
59 14701
749 27068
1589 11343
1724 21364
2012 32638
2126 26577
2669 17193
3518 17007
3830 23776
4085 10076
4214 27110
4694 4687
5687 6022
6539 31352
7214 9861
7463 26634
7901 19188
8381 29816
8780 30911
9233 751
9509 7186
9659 11294
9833 30933
10574 31562
10988 10762
11648 17433
12077 9059
12362 16743
12551 141
13094 16585
13211 13550
13490 24751
14147 691
14198 22107
15146 19354
16037 14737
16346 4381
16859 24051
17111 25899
17660 32499
17969 27359
18272 15814
18338 1279
18644 17466
18959 17579
19370 3879
19427 28511
19811 11600
20900 11785
21635 10894
21980 24200
22019 14777
22664 5707
22868 26154
23570 18301
23870 29362
24230 4566
24902 28443
25163 1656
25346 14709
25706 6963
25952 6542
26261 27190
26444 21314
26654 27937
26822 26123
27089 31427
28010 27158
28298 7519
28487 21197
29153 1055
29561 15148
29957 28690
30524 1588
30839 20483
31451 1616
31541 18806
31784 23851
31982 2331
32258 24767
32684 18991
29 21544
74 20194
143 17223
611 1018
659 230
1010 22013
1013 21137
1571 8637
1595 21488
1841 31498
1886 21975
1994 10177
2096 24366
2162 5536
2600 20137
2786 18530
3170 21896
3389 18916
3488 29578
3524 31759
3653 8754
3677 29644
3965 21782
4043 31358
4100 30528
4187 19691
4325 6487
4361 17828
4676 12939
4751 17234
5603 31908
5726 4072
5765 875
6065 29310
6560 8933
6749 5652
6767 1736
7232 2188
7442 9513
7451 12320
7493 6194
7586 16217
7769 29023
7865 29422
8117 5031
8366 13008
8552 9488
8639 27664
8720 26791
8753 15822
8897 16368
9221 31112
9254 6923
9497 18585
9524 19852
9536 7209
9647 22277
9782 26505
9854 25630
9917 15679
10397 15461
10688 8347
10754 22105
11198 23693
11225 15749
11522 476
11663 14722
12080 28769
12269 9319
12434 23841
12674 10041
12932 32545
13064 21548
13163 8936
13190 10543
13235 12571
13331 26049
13526 30222
13598 14219
13883 541
14141 4612
14162 30525
14894 3054
14933 28113
15023 31813
15200 11786
15530 14789
15566 3094
16280 25997
16361 6039
16829 7728
16949 2207
17096 7297
17207 26579
17297 26282
17651 13291
17714 19794
18116 1680
18137 11456
18239 26424
18284 26223
18353 20449
18635 25473
18662 8682
18824 14486
19091 19498
19136 2506
19358 2325
19397 16226
19406 6541
19448 24209
19490 19436
19772 20364
19802 22851
19883 1609
19886 338
20477 30042
20609 29293
21029 29265
21431 25621
21563 22886
21578 9790
21695 22659
21788 28533
21902 8794
22016 26842
22172 27490
22502 8851
22550 17438
22742 20176
22817 31691
22913 8147
23189 20179
23246 25509
23651 28150
23942 32746
23978 18133
24029 29201
24308 23482
24521 10941
24809 13560
24938 28870
25073 20427
25334 894
25412 21026
25679 6451
25760 30190
25829 13852
25904 27006
26114 10009
26303 17372
26429 28028
26489 28686
26738 24475
26810 4085
26858 20641
27416 6086
27968 10209
27983 482
28253 25012
28256 4461
28316 4576
28397 7573
28523 4883
28802 14724
28889 8154
29171 236
29222 28471
29384 10134
29516 27622
29618 10113
29870 20143
30110 17985
30239 24238
30503 29618
30557 30975
30878 20425
31064 7230
31241 27814
31496 8045
31592 19950
31763 28424
31811 17642
32120 20578
32183 23857
32426 26868
32585 7241
32672 1458
32708 24246
   
----------------------------------------------------------------------
