Key 40 is already present.Keys are required to be distinct.
------------------------------------------------------------
Key 1 is already present.Keys are required to be distinct.
------------------------------------------------------------
*************Sorted Tree Walk For B Tree*************
Inorder Tree Walk of Node 0
----------------------------------------------------------------------
1 2
3 6
4 8
5 10
6 12
8 16
9 18
15 30
16 32
17 34
20 40
30 60
40 80
   
----------------------------------------------------------------------
