*************Inorder Tree Walk For RedBlack Tree*************
Inorder Tree Walk of Node 0 of HashTable
----------------------------------------------------------------------
22 17923
29 21544
59 14701
74 20194
143 17223
160 3450
171 29976
190 16101
194 23196
249 7492
301 14414
319 3581
331 31924
475 6973
480 25303
496 16742
504 21222
543 17538
609 32061
611 1018
659 230
708 22956
749 27068
900 22526
906 9465
912 11636
913 10809
1010 22013
1013 21137
1072 11334
1132 18231
1147 18393
1182 4288
1332 7268
1339 145
1356 21016
1365 14903
1516 25270
1529 26680
1540 304
1551 24354
1561 15835
1571 8637
1589 11343
1595 21488
1621 21498
1627 9358
1651 5663
1671 32529
1696 6140
1724 21364
1776 24643
1833 20946
1837 10798
1841 31498
1848 7470
1886 21975
1909 17224
1925 11024
1927 9011
1994 10177
2012 32638
2029 29615
2096 24366
2126 26577
2162 5536
2221 5403
2224 22143
2238 8024
2304 12761
2353 9659
2364 9011
2369 28693
2482 1013
2590 25991
2599 3310
2600 20137
2601 2511
2608 2484
2610 11065
2626 1544
2664 20723
2669 17193
2670 3135
2679 24677
2700 18111
2703 8708
2742 4955
2743 8611
2786 18530
2866 18541
2944 12638
3170 21896
3222 17871
3252 27217
3265 3498
3298 20417
3336 12760
3341 13488
3352 8330
3389 18916
3397 16698
3433 2137
3435 16550
3448 5022
3488 29578
3518 17007
3524 31759
3558 28477
3562 28490
3585 29735
3586 2258
3626 26478
3653 8754
3657 3344
3677 29644
3830 23776
3960 6494
3965 21782
3990 9321
4043 31358
4085 10076
4099 27831
4100 30528
4145 23197
4170 2155
4187 19691
4214 27110
4314 24356
4320 959
4325 6487
4361 17828
4415 9315
4423 16896
4450 16926
4473 7129
4537 20784
4581 14876
4624 22226
4668 7286
4676 12939
4681 9199
4694 4687
4751 17234
4758 32171
4770 30471
4861 29254
4873 8107
4941 20852
4945 14956
5003 10586
5050 4682
5056 11192
5076 10713
5110 7883
5178 13878
5205 29487
5304 22641
5455 16304
5566 3806
5590 12723
5602 23393
5603 31908
5652 2259
5687 6022
5726 4072
5765 875
5787 12264
5908 21185
5939 19038
5946 26807
5974 8923
5995 8257
5998 17550
6039 24180
6065 29310
6073 29351
6078 20216
6136 18009
6150 3334
6235 12509
6250 14641
6273 25792
6366 32076
6411 31462
6474 28275
6478 5109
6480 6322
6539 31352
6560 8933
6603 30808
6609 9253
6653 23937
6655 16973
6705 31819
6706 20627
6735 9562
6742 30433
6749 5652
6767 1736
6814 2863
6817 7517
6924 3832
6996 1053
7153 30272
7173 2530
7201 5072
7214 9861
7232 2188
7263 22234
7279 20800
7356 13290
7373 8564
7392 10203
7442 9513
7449 25201
7451 12320
7463 26634
7493 6194
7515 10169
7586 16217
7587 1387
7606 25265
7628 4803
7680 23991
7722 3566
7769 29023
7834 8361
7865 29422
7901 19188
7927 9488
7950 12844
7959 6192
8056 3394
8117 5031
8167 18701
8178 17774
8185 7076
8248 26891
8261 6203
8314 4475
8361 22414
8366 13008
8381 29816
8388 13445
8395 30181
8406 8827
8457 9406
8481 29214
8484 5539
8487 3456
8527 13358
8547 20475
8552 9488
8617 5751
8639 27664
8671 242
8684 8214
8715 26947
8720 26791
8739 15280
8753 15822
8760 11193
8763 9568
8780 30911
8839 14845
8881 23336
8897 16368
8929 29493
8977 18456
9100 25024
9153 18374
9157 5603
9167 16894
9169 17907
9221 31112
9233 751
9254 6923
9258 22751
9262 12579
9314 876
9459 25968
9497 18585
9502 17483
9509 7186
9516 17965
9524 19852
9536 7209
9574 15590
9602 28324
9647 22277
9659 11294
9763 5968
9782 26505
9816 26950
9833 30933
9854 25630
9877 23827
9906 17959
9917 15679
9982 2113
10003 15569
10022 5700
10068 22849
10081 5341
10179 13580
10269 4694
10294 3856
10323 18652
10354 21417
10381 27009
10397 15461
10423 30775
10441 7376
10467 12045
10491 10104
10549 15882
10557 7532
10574 31562
10636 1644
10648 29459
10688 8347
10698 17613
10723 24272
10738 14092
10754 22105
10939 1882
10987 2145
10988 10762
11002 19106
11073 23401
11076 21546
11125 12318
11193 1455
11198 23693
11225 15749
11244 29930
11248 13585
11259 336
11368 17693
11377 1775
11409 5546
11421 15815
11423 21099
11463 27612
11478 1201
11522 476
11532 29963
11586 24042
11601 26970
11644 7535
11648 17433
11663 14722
11673 23440
11760 26435
11778 31349
11808 24568
11838 21893
11875 7721
11892 1024
11970 28979
12043 31311
12054 16963
12075 13723
12077 9059
12080 28769
12106 29622
12159 12023
12182 28504
12190 15788
12250 26668
12269 9319
12280 18284
12362 16743
12393 32686
12394 7637
12421 20711
12434 23841
12456 25735
12504 10862
12550 17470
12551 141
12612 19020
12655 3823
12674 10041
12678 407
12718 18697
12724 17983
12735 1638
12738 18029
12751 14008
12836 32357
12891 31164
12897 13023
12925 9073
12932 32545
12934 23780
12936 19780
12942 15791
12994 27385
12999 3546
13032 8493
13038 3926
13064 21548
13094 16585
13162 31173
13163 8936
13190 10543
13211 13550
13233 4748
13235 12571
13262 10196
13263 20136
13331 26049
13338 10005
13402 9790
13429 5913
13453 14009
13459 6619
13477 4382
13490 24751
13491 7605
13526 30222
13579 11160
13598 14219
13609 6173
13649 2972
13654 30675
13695 2696
13713 5132
13714 20969
13827 31277
13866 22215
13883 541
13972 26265
13986 3103
14016 5566
14019 18788
14141 4612
14147 691
14162 30525
14182 31004
14198 22107
14200 20856
14244 7350
14257 149
14296 32169
14365 1382
14424 3528
14461 22429
14475 2626
14487 19200
14607 26174
14698 32210
14799 15282
14802 24962
14868 24866
14869 21412
14894 3054
14933 28113
14963 124
15006 21048
15023 31813
15076 24516
15085 19096
15118 16216
15146 19354
15186 7039
15200 11786
15256 16424
15263 8520
15265 11904
15530 14789
15566 3094
15616 20529
15630 28651
15678 22669
15723 23839
15760 2671
15792 15470
15870 682
15892 24638
15948 27125
15988 7043
15994 14791
16037 14737
16075 13510
16086 20711
16098 3066
16140 12424
16203 2635
16280 25997
16291 22975
16338 2624
16344 755
16346 4381
16361 6039
16399 23147
16447 31578
16591 8824
16627 3685
16635 26304
16642 19856
16672 8806
16684 13717
16688 12530
16829 7728
16859 24051
16949 2207
16956 23184
17041 31532
17064 10682
17087 29566
17096 7297
17111 25899
17169 28316
17207 26579
17227 31204
17283 27008
17297 26282
17399 22280
17651 13291
17660 32499
17714 19794
17781 22579
17833 7906
17842 14626
17862 14689
17865 22914
17914 16143
17955 12079
17969 27359
18036 32227
18088 31061
18115 11702
18116 1680
18137 11456
18191 29658
18239 26424
18241 12165
18272 15814
18284 26223
18319 9136
18331 3040
18338 1279
18353 20449
18414 11401
18435 5842
18444 28297
18504 15371
18539 12293
18589 7812
18635 25473
18644 17466
18662 8682
18663 13830
18679 1770
18704 11028
18787 15499
18820 944
18824 14486
18847 4988
18876 28434
18883 25250
18959 17579
19091 19498
19136 2506
19157 11512
19282 7086
19315 18652
19358 2325
19370 3879
19397 16226
19406 6541
19414 5001
19427 28511
19448 24209
19490 19436
19491 8926
19558 28963
19559 23647
19590 20799
19612 18991
19678 15970
19738 16337
19772 20364
19791 6583
19802 22851
19811 11600
19813 30649
19816 22889
19855 9991
19867 12950
19878 11383
19883 1609
19886 338
19924 3360
19933 25453
19965 1341
19977 31330
20025 26155
20073 12819
20079 21725
20160 11834
20170 2328
20184 23590
20223 7130
20260 19009
20290 8420
20316 9577
20327 29012
20329 22647
20356 31002
20416 17903
20419 26490
20451 11174
20473 23623
20477 30042
20490 27339
20494 8218
20503 25142
20557 23217
20581 19797
20595 29131
20609 29293
20616 10905
20650 13187
20653 18865
20664 12260
20667 4142
20668 30837
20676 793
20719 3504
20808 20279
20826 9677
20900 11785
20914 7592
20973 22831
21004 26870
21029 29265
21079 16879
21081 21319
21084 23640
21114 14888
21133 24473
21154 21521
21189 19570
21222 1759
21294 29997
21324 6541
21426 10556
21431 25621
21458 14370
21460 17826
21563 22886
21578 9790
21579 26980
21618 4016
21625 28020
21631 23225
21635 10894
21660 26293
21695 22659
21719 3754
21788 28533
21882 31999
21902 8794
21963 21081
21964 28136
21980 24200
22016 26842
22019 14777
22172 27490
22195 23700
22291 31340
22297 29856
22337 18398
22362 31755
22410 26464
22432 29083
22467 4679
22502 8851
22533 2964
22550 17438
22594 23852
22620 23972
22664 5707
22702 12194
22742 20176
22759 7165
22796 16061
22817 31691
22868 26154
22913 8147
22926 10911
23073 3592
23074 789
23153 2801
23155 24605
23166 15432
23187 14508
23189 20179
23244 27650
23246 25509
23259 19048
23319 32727
23343 8076
23446 18611
23488 27197
23553 4183
23557 12291
23570 18301
23589 12482
23651 28150
23718 9715
23730 24082
23755 6512
23832 20041
23845 1417
23848 32605
23870 29362
23942 32746
23956 4979
23978 18133
23993 25825
24029 29201
24034 32030
24126 24119
24156 31362
24177 18480
24183 10286
24230 4566
24273 20056
24308 23482
24327 3277
24400 8979
24409 4416
24424 24130
24430 32405
24475 28634
24485 24775
24489 16283
24513 9249
24521 10941
24556 7816
24597 3738
24685 12780
24723 29705
24774 19098
24780 5007
24809 13560
24829 12582
24856 13143
24902 28443
24938 28870
24949 1283
24963 18966
24971 6288
25044 743
25059 27578
25073 20427
25129 2112
25163 1656
25185 24779
25206 4976
25270 7480
25314 6699
25334 894
25346 14709
25348 2089
25386 20074
25392 15496
25412 21026
25485 1019
25543 7620
25606 30196
25609 30569
25628 5630
25679 6451
25698 4920
25706 6963
25711 20062
25722 17190
25760 30190
25761 18897
25771 703
25784 21287
25825 29335
25829 13852
25875 24373
25904 27006
25929 12098
25952 6542
26019 27369
26022 24456
26032 26269
26053 237
26059 6440
26064 32757
26114 10009
26254 20084
26261 27190
26303 17372
26363 4887
26364 5717
26429 28028
26440 17254
26444 21314
26489 28686
26518 14630
26535 5557
26631 24115
26654 27937
26706 13875
26738 24475
26741 22045
26810 4085
26817 24231
26820 7976
26822 26123
26836 25681
26858 20641
26910 14903
26944 24835
27033 14388
27066 2514
27081 16081
27089 31427
27153 25088
27172 18167
27416 6086
27433 17506
27466 20268
27532 4807
27594 22726
27595 7951
27727 28667
27757 28322
27893 24390
27919 10867
27968 10209
27983 482
28010 27158
28023 2169
28071 7488
28075 26432
28083 1955
28119 24391
28183 11059
28246 9468
28253 25012
28256 4461
28287 16106
28290 15945
28298 7519
28316 4576
28319 27871
28351 14334
28383 14120
28397 7573
28459 2662
28465 21120
28487 21197
28521 6903
28523 4883
28571 29764
28584 26949
28615 18599
28618 23758
28653 8195
28665 9971
28681 19927
28713 17547
28762 11057
28792 13393
28802 14724
28889 8154
29034 2089
29088 27682
29106 24792
29127 19411
29142 30815
29152 23016
29153 1055
29171 236
29175 20602
29222 28471
29272 17946
29293 14601
29302 22364
29315 9504
29332 2377
29338 23272
29353 11370
29384 10134
29427 15872
29446 18806
29448 15666
29511 4746
29516 27622
29542 26130
29557 25562
29561 15148
29618 10113
29734 28224
29791 14925
29813 19376
29860 24999
29870 20143
29874 17125
29892 27201
29902 17104
29917 5875
29955 20889
29957 28690
29973 13062
29994 15827
30004 21946
30039 21389
30049 21052
30081 10117
30094 16566
30110 17985
30115 16440
30146 18061
30189 21764
30213 29289
30228 12044
30239 24238
30301 19696
30339 21642
30423 27667
30503 29618
30524 1588
30557 30975
30592 26804
30694 9092
30696 13170
30715 28165
30772 6412
30834 19712
30839 20483
30878 20425
30901 17714
30972 9278
30975 14271
31021 23695
31057 27607
31064 7230
31069 21992
31112 28705
31186 20054
31197 21949
31203 10509
31227 28163
31241 27814
31245 21795
31287 13065
31312 17605
31317 20672
31419 19898
31451 1616
31491 3240
31494 7741
31496 8045
31541 18806
31592 19950
31602 24228
31628 6468
31648 3182
31763 28424
31784 23851
31811 17642
31914 14965
31921 27373
31929 25424
31935 15206
31948 2446
31982 2331
31983 7329
32120 20578
32180 16596
32183 23857
32196 22567
32197 7784
32258 24767
32271 1764
32373 30033
32426 26868
32469 13999
32526 1265
32585 7241
32589 24711
32608 14197
32612 1942
32672 1458
32679 1753
32684 18991
32708 24246
32719 12245
  
----------------------------------------------------------------------
