*************Postorder Tree Walk For AVL Tree*************
Postorder Tree Walk of Node 0
----------------------------------------------------------------------
22 17923
29 21544
74 20194
59 14701
160 3450
190 16101
171 29976
143 17223
249 7492
319 3581
301 14414
475 6973
496 16742
480 25303
331 31924
194 23196
543 17538
609 32061
708 22956
659 230
611 1018
900 22526
906 9465
749 27068
504 21222
1010 22013
913 10809
1072 11334
1013 21137
1147 18393
1339 145
1332 7268
1182 4288
1365 14903
1529 26680
1516 25270
1356 21016
1132 18231
1551 24354
1571 8637
1561 15835
1595 21488
1621 21498
1589 11343
1651 5663
1696 6140
1776 24643
1724 21364
1671 32529
1627 9358
1540 304
1837 10798
1848 7470
1841 31498
1925 11024
1909 17224
1886 21975
1994 10177
2029 29615
2126 26577
2096 24366
2012 32638
1927 9011
2221 5403
2238 8024
2224 22143
2353 9659
2364 9011
2304 12761
2482 1013
2600 20137
2599 3310
2590 25991
2369 28693
2162 5536
1833 20946
912 11636
2610 11065
2608 2484
2664 20723
2670 3135
2669 17193
2626 1544
2703 8708
2700 18111
2786 18530
2743 8611
2742 4955
2679 24677
3170 21896
2944 12638
3252 27217
3265 3498
3222 17871
2866 18541
3336 12760
3389 18916
3352 8330
3341 13488
3433 2137
3435 16550
3488 29578
3524 31759
3518 17007
3448 5022
3397 16698
3562 28490
3586 2258
3585 29735
3653 8754
3677 29644
3657 3344
3626 26478
3960 6494
4043 31358
3990 9321
3965 21782
4099 27831
4100 30528
4085 10076
3830 23776
3558 28477
3298 20417
4170 2155
4214 27110
4187 19691
4320 959
4314 24356
4361 17828
4423 16896
4415 9315
4473 7129
4581 14876
4624 22226
4537 20784
4450 16926
4325 6487
4681 9199
4676 12939
4751 17234
4770 30471
4758 32171
4873 8107
4861 29254
4694 4687
4945 14956
5056 11192
5050 4682
5003 10586
4941 20852
4668 7286
4145 23197
2601 2511
5110 7883
5304 22641
5205 29487
5178 13878
5566 3806
5590 12723
5455 16304
5652 2259
5603 31908
5726 4072
5765 875
5687 6022
5602 23393
5908 21185
5939 19038
5974 8923
5998 17550
5995 8257
5946 26807
6065 29310
6073 29351
6136 18009
6235 12509
6150 3334
6078 20216
6273 25792
6366 32076
6474 28275
6411 31462
6250 14641
6039 24180
5787 12264
6480 6322
6560 8933
6539 31352
6609 9253
6653 23937
6603 30808
6705 31819
6735 9562
6749 5652
6742 30433
6706 20627
6817 7517
6814 2863
6767 1736
6655 16973
6996 1053
7173 2530
7153 30272
7232 2188
7214 9861
7201 5072
7279 20800
7373 8564
7392 10203
7356 13290
7263 22234
6924 3832
7451 12320
7449 25201
7515 10169
7493 6194
7463 26634
7606 25265
7587 1387
7586 16217
7680 23991
7769 29023
7722 3566
7865 29422
7834 8361
7927 9488
7950 12844
7901 19188
7628 4803
7442 9513
6478 5109
8056 3394
8167 18701
8117 5031
8185 7076
8261 6203
8248 26891
8361 22414
8314 4475
8178 17774
8381 29816
8395 30181
8388 13445
8457 9406
8481 29214
8487 3456
8484 5539
8406 8827
8547 20475
8617 5751
8552 9488
8671 242
8639 27664
8720 26791
8715 26947
8753 15822
8739 15280
8684 8214
8527 13358
8366 13008
8763 9568
8839 14845
8881 23336
8780 30911
8929 29493
9100 25024
8977 18456
8897 16368
9157 5603
9167 16894
9221 31112
9169 17907
9153 18374
9254 6923
9258 22751
9459 25968
9314 876
9502 17483
9509 7186
9497 18585
9262 12579
9233 751
9524 19852
9574 15590
9536 7209
9647 22277
9763 5968
9659 11294
9816 26950
9782 26505
9602 28324
9854 25630
9877 23827
9917 15679
10003 15569
9982 2113
9906 17959
10081 5341
10068 22849
10294 3856
10269 4694
10179 13580
10022 5700
9833 30933
9516 17965
8760 11193
7959 6192
5076 10713
10354 21417
10397 15461
10381 27009
10441 7376
10491 10104
10467 12045
10423 30775
10557 7532
10574 31562
10688 8347
10648 29459
10636 1644
10549 15882
10723 24272
10738 14092
10939 1882
10754 22105
10988 10762
11073 23401
11002 19106
10987 2145
11125 12318
11198 23693
11193 1455
11244 29930
11248 13585
11225 15749
11076 21546
10698 17613
11368 17693
11377 1775
11421 15815
11463 27612
11423 21099
11409 5546
11522 476
11586 24042
11532 29963
11478 1201
11644 7535
11663 14722
11648 17433
11760 26435
11808 24568
11778 31349
11673 23440
11892 1024
11875 7721
12043 31311
11970 28979
11838 21893
11601 26970
11259 336
12077 9059
12075 13723
12106 29622
12190 15788
12182 28504
12159 12023
12080 28769
12269 9319
12362 16743
12280 18284
12394 7637
12434 23841
12421 20711
12393 32686
12250 26668
12504 10862
12550 17470
12655 3823
12612 19020
12551 141
12678 407
12724 17983
12718 18697
12738 18029
12751 14008
12735 1638
12674 10041
12456 25735
12054 16963
12891 31164
12925 9073
12897 13023
12934 23780
12942 15791
12936 19780
12999 3546
13032 8493
12994 27385
12932 32545
13064 21548
13162 31173
13094 16585
13190 10543
13233 4748
13211 13550
13163 8936
13263 20136
13262 10196
13338 10005
13331 26049
13235 12571
13038 3926
13429 5913
13453 14009
13477 4382
13491 7605
13526 30222
13490 24751
13459 6619
13598 14219
13609 6173
13654 30675
13649 2972
13714 20969
13713 5132
13866 22215
13972 26265
13883 541
13827 31277
13695 2696
13579 11160
14016 5566
14141 4612
14162 30525
14147 691
14019 18788
14198 22107
14244 7350
14257 149
14200 20856
14182 31004
14365 1382
14424 3528
14475 2626
14698 32210
14607 26174
14487 19200
14461 22429
14296 32169
13986 3103
13402 9790
12836 32357
14802 24962
14869 21412
14933 28113
14894 3054
14868 24866
15023 31813
15006 21048
15085 19096
15076 24516
15146 19354
15200 11786
15186 7039
15118 16216
14963 124
15263 8520
15530 14789
15566 3094
15265 11904
15630 28651
15723 23839
15678 22669
15616 20529
15792 15470
15892 24638
15870 682
15994 14791
15988 7043
15948 27125
16075 13510
16098 3066
16140 12424
16086 20711
16037 14737
15760 2671
15256 16424
16291 22975
16280 25997
16344 755
16361 6039
16346 4381
16338 2624
16447 31578
16627 3685
16591 8824
16642 19856
16684 13717
16672 8806
16635 26304
16399 23147
16829 7728
16949 2207
16859 24051
17064 10682
17041 31532
16956 23184
17096 7297
17169 28316
17111 25899
17227 31204
17297 26282
17283 27008
17207 26579
17087 29566
17651 13291
17660 32499
17781 22579
17842 14626
17833 7906
17714 19794
17399 22280
16688 12530
16203 2635
17865 22914
17955 12079
17914 16143
18088 31061
18036 32227
17969 27359
18137 11456
18116 1680
18239 26424
18191 29658
18115 11702
18272 15814
18319 9136
18284 26223
18338 1279
18331 3040
18414 11401
18435 5842
18504 15371
18444 28297
18353 20449
18241 12165
18589 7812
18635 25473
18662 8682
18644 17466
18704 11028
18679 1770
18820 944
18847 4988
18824 14486
18787 15499
18663 13830
18883 25250
18959 17579
19136 2506
19091 19498
19282 7086
19315 18652
19157 11512
19397 16226
19370 3879
19414 5001
19406 6541
19448 24209
19491 8926
19490 19436
19559 23647
19558 28963
19427 28511
19358 2325
18876 28434
18539 12293
17862 14689
14799 15282
10323 18652
19612 18991
19678 15970
19772 20364
19791 6583
19738 16337
19813 30649
19811 11600
19802 22851
19855 9991
19878 11383
19886 338
19883 1609
19867 12950
19933 25453
19965 1341
20025 26155
20079 21725
20073 12819
19977 31330
19924 3360
19816 22889
20170 2328
20223 7130
20184 23590
20290 8420
20327 29012
20316 9577
20260 19009
20356 31002
20419 26490
20416 17903
20473 23623
20490 27339
20477 30042
20503 25142
20557 23217
20494 8218
20451 11174
20329 22647
20160 11834
20595 29131
20616 10905
20609 29293
20653 18865
20664 12260
20668 30837
20676 793
20667 4142
20650 13187
20808 20279
20900 11785
20973 22831
20914 7592
20826 9677
20719 3504
21029 29265
21079 16879
21084 23640
21114 14888
21081 21319
21189 19570
21154 21521
21324 6541
21294 29997
21222 1759
21133 24473
21004 26870
20581 19797
21431 25621
21458 14370
21563 22886
21578 9790
21460 17826
21618 4016
21631 23225
21625 28020
21695 22659
21660 26293
21635 10894
21579 26980
21788 28533
21902 8794
21882 31999
21964 28136
22016 26842
21980 24200
21963 21081
22195 23700
22172 27490
22297 29856
22291 31340
22019 14777
21719 3754
22362 31755
22432 29083
22410 26464
22502 8851
22550 17438
22533 2964
22467 4679
22620 23972
22702 12194
22664 5707
22759 7165
22817 31691
22796 16061
22742 20176
22913 8147
23073 3592
23074 789
22926 10911
22868 26154
22594 23852
22337 18398
21426 10556
23155 24605
23166 15432
23189 20179
23244 27650
23259 19048
23319 32727
23246 25509
23187 14508
23446 18611
23553 4183
23488 27197
23570 18301
23589 12482
23557 12291
23343 8076
23718 9715
23730 24082
23832 20041
23755 6512
23848 32605
23942 32746
23978 18133
23956 4979
23870 29362
23845 1417
23651 28150
24029 29201
24126 24119
24034 32030
24177 18480
24230 4566
24183 10286
24156 31362
24308 23482
24400 8979
24409 4416
24327 3277
24430 32405
24485 24775
24475 28634
24424 24130
24273 20056
23993 25825
24513 9249
24556 7816
24521 10941
24685 12780
24723 29705
24597 3738
24780 5007
24829 12582
24809 13560
24902 28443
24938 28870
24856 13143
24774 19098
24963 18966
24971 6288
25059 27578
25044 743
25129 2112
25185 24779
25163 1656
25073 20427
24949 1283
25270 7480
25334 894
25346 14709
25314 6699
25386 20074
25412 21026
25392 15496
25348 2089
25543 7620
25609 30569
25606 30196
25679 6451
25711 20062
25706 6963
25698 4920
25628 5630
25485 1019
25760 30190
25761 18897
25784 21287
25829 13852
25825 29335
25771 703
25904 27006
25929 12098
26019 27369
25952 6542
25875 24373
26053 237
26032 26269
26064 32757
26254 20084
26303 17372
26261 27190
26114 10009
26059 6440
26022 24456
25722 17190
25206 4976
24489 16283
23153 2801
26364 5717
26429 28028
26444 21314
26440 17254
26518 14630
26631 24115
26535 5557
26706 13875
26738 24475
26654 27937
26489 28686
26810 4085
26820 7976
26817 24231
26836 25681
26858 20641
26822 26123
26944 24835
27033 14388
27081 16081
27066 2514
26910 14903
26741 22045
27153 25088
27416 6086
27172 18167
27466 20268
27532 4807
27433 17506
27595 7951
27757 28322
27727 28667
27968 10209
27919 10867
28010 27158
27983 482
27893 24390
27594 22726
27089 31427
28075 26432
28071 7488
28119 24391
28083 1955
28246 9468
28256 4461
28253 25012
28183 11059
28290 15945
28316 4576
28298 7519
28383 14120
28351 14334
28459 2662
28397 7573
28319 27871
28287 16106
28487 21197
28523 4883
28521 6903
28615 18599
28584 26949
28571 29764
28653 8195
28681 19927
28665 9971
28618 23758
28762 11057
28802 14724
28792 13393
29034 2089
29127 19411
29106 24792
29088 27682
28889 8154
29152 23016
29171 236
29153 1055
29222 28471
29302 22364
29293 14601
29272 17946
29175 20602
29142 30815
28713 17547
28465 21120
28023 2169
29332 2377
29384 10134
29353 11370
29338 23272
29446 18806
29448 15666
29516 27622
29542 26130
29511 4746
29427 15872
29561 15148
29734 28224
29618 10113
29860 24999
29813 19376
29892 27201
29874 17125
29870 20143
29791 14925
29557 25562
29917 5875
29957 28690
29955 20889
29994 15827
29973 13062
30049 21052
30039 21389
30094 16566
30115 16440
30110 17985
30081 10117
30004 21946
30189 21764
30228 12044
30213 29289
30339 21642
30301 19696
30503 29618
30423 27667
30239 24238
30592 26804
30557 30975
30696 13170
30772 6412
30715 28165
30694 9092
30524 1588
30146 18061
29902 17104
30839 20483
30972 9278
30901 17714
30878 20425
31021 23695
31064 7230
31057 27607
31112 28705
31069 21992
30975 14271
31197 21949
31227 28163
31203 10509
31245 21795
31312 17605
31287 13065
31241 27814
31186 20054
31419 19898
31491 3240
31451 1616
31496 8045
31541 18806
31494 7741
31602 24228
31648 3182
31628 6468
31592 19950
31784 23851
31914 14965
31921 27373
31811 17642
31935 15206
31982 2331
31948 2446
32120 20578
32180 16596
31983 7329
31929 25424
31763 28424
32196 22567
32258 24767
32197 7784
32426 26868
32373 30033
32526 1265
32469 13999
32271 1764
32589 24711
32608 14197
32672 1458
32684 18991
32719 12245
32708 24246
32679 1753
32612 1942
32585 7241
32183 23857
31317 20672
30834 19712
29315 9504
26363 4887
19590 20799
  
----------------------------------------------------------------------
