*************Postorder Tree Walk For AVL Tree*************
Postorder Tree Walk of Node 0
----------------------------------------------------------------------
54 2000
289 30107
901 32592
3094 14344
1870 19913
3729 14894
3603 24351
3196 20486
293 12383
4597 24022
4032 12053
4834 31116
4640 29659
3903 154
5098 16513
5022 28746
5538 21539
6225 11009
5845 32610
6423 24947
8282 4735
6901 3789
6271 5830
5448 21727
4967 7377
9041 8943
9375 11021
10292 30837
9162 18637
13932 26309
13978 2307
14311 6618
14310 7617
13967 3431
12317 3036
14946 8910
15007 31102
14990 32703
15458 12288
15142 7712
16119 2083
16520 31557
16942 21725
16414 29169
17411 6360
17036 9895
16945 32440
15891 6730
14772 11539
8724 9742
17808 2422
17674 4665
18128 468
18008 11338
18936 17452
18763 1656
19669 24485
19630 12624
19265 22649
18757 11841
20038 12860
21549 6484
20601 5250
22356 24768
22799 30304
22814 9515
22705 9931
22191 1843
19719 19896
23656 15575
24222 18589
24085 19955
23987 13291
24394 3549
24649 22484
25548 27645
24627 11324
24371 15351
22930 16542
26419 27939
26778 15574
27349 23200
27351 1151
26925 19073
27507 13031
27596 4042
27754 10384
27625 20538
27530 779
27447 23806
31108 30192
28704 23812
32210 9759
31674 22387
32663 32758
32392 14605
31323 30334
28254 6869
25668 26300
17422 18717
  
----------------------------------------------------------------------
