*************Level Tree Walk For B Tree*************
Level Order Tree Walk of Node 0
----------------------------------------------------------------------
8724 9742
19719 19896
5022 28746
14772 11539
17422 18717
25668 26300
1870 19913
3903 154
6271 5830
12317 3036
15891 6730
18757 11841
22705 9931
24085 19955
27447 23806
28704 23812
293 12383
3603 24351
4597 24022
4834 31116
5448 21727
5845 32610
6901 3789
9162 18637
13967 3431
14310 7617
14990 32703
15142 7712
16414 29169
16945 32440
18008 11338
19265 22649
20601 5250
22191 1843
22930 16542
24394 3549
24649 22484
26925 19073
27530 779
27754 10384
31323 30334
32392 14605
54 2000
289 30107
901 32592
3094 14344
3196 20486
3729 14894
4032 12053
4640 29659
4967 7377
5098 16513
5538 21539
6225 11009
6423 24947
8282 4735
9041 8943
9375 11021
10292 30837
13932 26309
13978 2307
14311 6618
14946 8910
15007 31102
15458 12288
16119 2083
16520 31557
16942 21725
17036 9895
17411 6360
17674 4665
17808 2422
18128 468
18763 1656
18936 17452
19630 12624
19669 24485
20038 12860
21549 6484
22356 24768
22799 30304
22814 9515
23656 15575
23987 13291
24222 18589
24371 15351
24627 11324
25548 27645
26419 27939
26778 15574
27349 23200
27351 1151
27507 13031
27596 4042
27625 20538
28254 6869
31108 30192
31674 22387
32210 9759
32663 32758
   
----------------------------------------------------------------------
