*************Sorted Tree Walk For B Tree*************
Inorder Tree Walk of Node 0
----------------------------------------------------------------------
54 2000
289 30107
293 12383
901 32592
1870 19913
3094 14344
3196 20486
3603 24351
3729 14894
3903 154
4032 12053
4597 24022
4640 29659
4834 31116
4967 7377
5022 28746
5098 16513
5448 21727
5538 21539
5845 32610
6225 11009
6271 5830
6423 24947
6901 3789
8282 4735
8724 9742
9041 8943
9162 18637
9375 11021
10292 30837
12317 3036
13932 26309
13967 3431
13978 2307
14310 7617
14311 6618
14772 11539
14946 8910
14990 32703
15007 31102
15142 7712
15458 12288
15891 6730
16119 2083
16414 29169
16520 31557
16942 21725
16945 32440
17036 9895
17411 6360
17422 18717
17674 4665
17808 2422
18008 11338
18128 468
18757 11841
18763 1656
18936 17452
19265 22649
19630 12624
19669 24485
19719 19896
20038 12860
20601 5250
21549 6484
22191 1843
22356 24768
22705 9931
22799 30304
22814 9515
22930 16542
23656 15575
23987 13291
24085 19955
24222 18589
24371 15351
24394 3549
24627 11324
24649 22484
25548 27645
25668 26300
26419 27939
26778 15574
26925 19073
27349 23200
27351 1151
27447 23806
27507 13031
27530 779
27596 4042
27625 20538
27754 10384
28254 6869
28704 23812
31108 30192
31323 30334
31674 22387
32210 9759
32392 14605
32663 32758
   
----------------------------------------------------------------------
