*************Level Tree Walk For B Tree*************
Level Order Tree Walk of Node 0
----------------------------------------------------------------------
19719 19896
8724 9742
25668 26300
4032 12053
14772 11539
22356 24768
27447 23806
3603 24351
5448 21727
6225 11009
9375 11021
15891 6730
17808 2422
21549 6484
24627 11324
26925 19073
28704 23812
54 2000
3729 14894
3903 154
5022 28746
5538 21539
6423 24947
9162 18637
13932 26309
14310 7617
14946 8910
16119 2083
18936 17452
20601 5250
22191 1843
24222 18589
25548 27645
26778 15574
27351 1151
27507 13031
28254 6869
31323 30334
31674 22387
   
----------------------------------------------------------------------
Level Order Tree Walk of Node 1
----------------------------------------------------------------------
17422 18717
24394 3549
5098 16513
13978 2307
20038 12860
27625 20538
1870 19913
4597 24022
6271 5830
15142 7712
16942 21725
18757 11841
19630 12624
22930 16542
26419 27939
31108 30192
289 30107
901 32592
3094 14344
3196 20486
4834 31116
5845 32610
6901 3789
14311 6618
15007 31102
16414 29169
16945 32440
17674 4665
18763 1656
19669 24485
22705 9931
23656 15575
24085 19955
24649 22484
27349 23200
27754 10384
32392 14605
   
----------------------------------------------------------------------
Level Order Tree Walk of Node 2
----------------------------------------------------------------------
17036 9895
9041 8943
23987 13291
4640 29659
13967 3431
15458 12288
18008 11338
19265 22649
27530 779
32210 9759
293 12383
4967 7377
8282 4735
10292 30837
12317 3036
14990 32703
16520 31557
17411 6360
18128 468
22799 30304
22814 9515
24371 15351
27596 4042
32663 32758
   
----------------------------------------------------------------------
